[2025-07-04 01:50:38] Iniciando flujo de trabajo...
[2025-07-04 01:50:40] Cambiando a espacio de trabajo 10 e iniciando Zen Browser...
[2025-07-04 01:50:43] Cambiando a espacio de trabajo 8 e iniciando Spotify...
[2025-07-04 01:50:47] Volviendo al espacio 10 y buscando ventana de WhatsApp...
[2025-07-04 01:50:48] Intento 1: No se encontró ventana de WhatsApp, esperando...
[2025-07-04 01:50:50] Intento 2: No se encontró ventana de WhatsApp, esperando...
[2025-07-04 01:50:52] Intento 3: No se encontró ventana de WhatsApp, esperando...
[2025-07-04 01:50:54] Intento 4: No se encontró ventana de WhatsApp, esperando...
[2025-07-04 01:50:56] Intento 5: No se encontró ventana de WhatsApp, esperando...
[2025-07-04 01:50:58] Intento 6: No se encontró ventana de WhatsApp, esperando...
[2025-07-04 01:51:00] Intento 7: No se encontró ventana de WhatsApp, esperando...
[2025-07-04 01:51:02] Intento 8: No se encontró ventana de WhatsApp, esperando...
[2025-07-04 01:51:04] Intento 9: No se encontró ventana de WhatsApp, esperando...
[2025-07-04 01:51:06] Intento 10: No se encontró ventana de WhatsApp, esperando...
[2025-07-04 01:51:08] Conectando dispositivo Bluetooth...
[2025-07-04 01:51:11] Flujo de trabajo completado
[2025-07-04 01:51:29] Iniciando flujo de trabajo...
[2025-07-04 01:51:31] Cambiando a espacio de trabajo 10 e iniciando Zen Browser...
[2025-07-04 01:51:34] Cambiando a espacio de trabajo 8 e iniciando Spotify...
[2025-07-04 01:51:38] Volviendo al espacio 10 y buscando ventana de WhatsApp...
[2025-07-04 01:51:39] Intento 1: No se encontró ventana de WhatsApp, esperando...
[2025-07-04 01:51:41] Intento 2: No se encontró ventana de WhatsApp, esperando...
[2025-07-04 01:51:43] Intento 3: No se encontró ventana de WhatsApp, esperando...
[2025-07-04 01:51:45] Intento 4: No se encontró ventana de WhatsApp, esperando...
[2025-07-04 01:51:47] Intento 5: No se encontró ventana de WhatsApp, esperando...
[2025-07-04 01:51:49] Intento 6: No se encontró ventana de WhatsApp, esperando...
[2025-07-04 01:51:51] Intento 7: No se encontró ventana de WhatsApp, esperando...
[2025-07-04 01:51:53] Intento 8: No se encontró ventana de WhatsApp, esperando...
[2025-07-04 01:51:55] Intento 9: No se encontró ventana de WhatsApp, esperando...
[2025-07-04 01:51:57] Intento 10: No se encontró ventana de WhatsApp, esperando...
[2025-07-04 01:51:59] Conectando dispositivo Bluetooth...
[2025-07-04 01:52:02] Flujo de trabajo completado
[2025-07-04 01:53:36] Iniciando flujo de trabajo...
[2025-07-04 01:53:38] Cambiando a espacio de trabajo 10 e iniciando Zen Browser...
[2025-07-04 01:53:42] Cambiando a espacio de trabajo 8 e iniciando Spotify...
[2025-07-04 01:53:45] Volviendo al espacio 10 y buscando ventana de WhatsApp...
[2025-07-04 01:53:46] Intento 1: No se encontró ventana de WhatsApp, esperando...
[2025-07-04 01:53:48] Intento 2: No se encontró ventana de WhatsApp, esperando...
[2025-07-04 01:53:50] Intento 3: No se encontró ventana de WhatsApp, esperando...
[2025-07-04 01:53:52] Intento 4: No se encontró ventana de WhatsApp, esperando...
[2025-07-04 01:53:54] Intento 5: No se encontró ventana de WhatsApp, esperando...
[2025-07-04 01:53:56] Intento 6: No se encontró ventana de WhatsApp, esperando...
[2025-07-04 01:53:58] Intento 7: No se encontró ventana de WhatsApp, esperando...
[2025-07-04 01:54:01] Intento 8: No se encontró ventana de WhatsApp, esperando...
[2025-07-04 01:54:03] Intento 9: No se encontró ventana de WhatsApp, esperando...
[2025-07-04 01:55:41] Iniciando flujo de trabajo...
[2025-07-04 01:55:43] Cambiando a espacio de trabajo 10 e iniciando Zen Browser...
[2025-07-04 01:55:47] Cambiando a espacio de trabajo 8 e iniciando Spotify...
[2025-07-04 01:55:50] Volviendo al espacio 10 y buscando ventana de WhatsApp...
[2025-07-04 01:55:51] Intento 1: No se encontró ventana de WhatsApp, esperando...
[2025-07-04 01:55:53] Intento 2: No se encontró ventana de WhatsApp, esperando...
[2025-07-04 01:55:55] Intento 3: No se encontró ventana de WhatsApp, esperando...
[2025-07-04 01:55:57] Intento 4: No se encontró ventana de WhatsApp, esperando...
[2025-07-04 01:55:59] Intento 5: No se encontró ventana de WhatsApp, esperando...
[2025-07-04 01:56:01] Intento 6: No se encontró ventana de WhatsApp, esperando...
[2025-07-04 01:56:03] Intento 7: No se encontró ventana de WhatsApp, esperando...
[2025-07-04 01:56:05] Intento 8: No se encontró ventana de WhatsApp, esperando...
[2025-07-04 01:56:07] Intento 9: No se encontró ventana de WhatsApp, esperando...
[2025-07-04 01:56:09] Intento 10: No se encontró ventana de WhatsApp, esperando...
[2025-07-04 01:56:11] Conectando dispositivo Bluetooth...
[2025-07-04 01:56:14] Flujo de trabajo completado
